<?xml version="1.0" encoding="UTF-8"?>
<testsuite xmlns:xsi="http://www.w3.org/2001/XMLSchema-instance" xsi:noNamespaceSchemaLocation="https://maven.apache.org/surefire/maven-surefire-plugin/xsd/surefire-test-report-3.0.xsd" version="3.0" name="ru.gb.lesson.Lesson4.TriangleTests" time="0.265" tests="3" errors="0" skipped="0" failures="0">
  <properties>
[...]
</properties>
  <testcase name="trianglePerimeterTest(Triangle, int)[1]" classname="ru.gb.lesson.Lesson4.TriangleTests" time="0.094"/>
  <testcase name="trianglePerimeterTest(Triangle, int)[2]" classname="ru.gb.lesson.Lesson4.TriangleTests" time="0"/>
  <testcase name="trianglePerimeterTest(Triangle, int)[3]" classname="ru.gb.lesson.Lesson4.TriangleTests" time="0"/>
</testsuite>